Build started 17-08-2022 6.55.15 AM.
     1>Project "D:\MTech IIT Guwahati\Speech Processing\Assignments\CS566_Assignment_2\CS566_Assignment_2\CS566_Assignment_2.vcxproj" on node 2 (build target(s)).
     1>InitializeBuildStatus:
         Creating "Debug\CS566_Assignment_2.unsuccessfulbuild" because "AlwaysCreate" was specified.
       ClCompile:
         All outputs are up-to-date.
         C:\Program Files (x86)\Microsoft Visual Studio 10.0\VC\bin\CL.exe /c /ZI /nologo /W3 /WX- /Od /Oy- /D WIN32 /D _DEBUG /D _CONSOLE /D _UNICODE /D UNICODE /Gm /EHsc /RTC1 /MDd /GS /fp:precise /Zc:wchar_t /Zc:forScope /Yu"StdAfx.h" /Fp"Debug\CS566_Assignment_2.pch" /Fo"Debug\\" /Fd"Debug\vc100.pdb" /Gd /TP /analyze- /errorReport:prompt CS566_Assignment_2.cpp
         CS566_Assignment_2.cpp
     1>d:\mtech iit guwahati\speech processing\assignments\cs566_assignment_2\cs566_assignment_2\cs566_assignment_2.cpp(16): warning C4996: 'fopen': This function or variable may be unsafe. Consider using fopen_s instead. To disable deprecation, use _CRT_SECURE_NO_WARNINGS. See online help for details.
                 c:\program files (x86)\microsoft visual studio 10.0\vc\include\stdio.h(234) : see declaration of 'fopen'
     1>d:\mtech iit guwahati\speech processing\assignments\cs566_assignment_2\cs566_assignment_2\cs566_assignment_2.cpp(38): warning C4996: 'fscanf': This function or variable may be unsafe. Consider using fscanf_s instead. To disable deprecation, use _CRT_SECURE_NO_WARNINGS. See online help for details.
                 c:\program files (x86)\microsoft visual studio 10.0\vc\include\stdio.h(253) : see declaration of 'fscanf'
     1>d:\mtech iit guwahati\speech processing\assignments\cs566_assignment_2\cs566_assignment_2\cs566_assignment_2.cpp(51): warning C4996: 'fopen': This function or variable may be unsafe. Consider using fopen_s instead. To disable deprecation, use _CRT_SECURE_NO_WARNINGS. See online help for details.
                 c:\program files (x86)\microsoft visual studio 10.0\vc\include\stdio.h(234) : see declaration of 'fopen'
     1>d:\mtech iit guwahati\speech processing\assignments\cs566_assignment_2\cs566_assignment_2\cs566_assignment_2.cpp(75): warning C4996: 'fopen': This function or variable may be unsafe. Consider using fopen_s instead. To disable deprecation, use _CRT_SECURE_NO_WARNINGS. See online help for details.
                 c:\program files (x86)\microsoft visual studio 10.0\vc\include\stdio.h(234) : see declaration of 'fopen'
     1>d:\mtech iit guwahati\speech processing\assignments\cs566_assignment_2\cs566_assignment_2\cs566_assignment_2.cpp(92): warning C4996: 'fscanf': This function or variable may be unsafe. Consider using fscanf_s instead. To disable deprecation, use _CRT_SECURE_NO_WARNINGS. See online help for details.
                 c:\program files (x86)\microsoft visual studio 10.0\vc\include\stdio.h(253) : see declaration of 'fscanf'
     1>d:\mtech iit guwahati\speech processing\assignments\cs566_assignment_2\cs566_assignment_2\cs566_assignment_2.cpp(93): warning C4996: 'fscanf': This function or variable may be unsafe. Consider using fscanf_s instead. To disable deprecation, use _CRT_SECURE_NO_WARNINGS. See online help for details.
                 c:\program files (x86)\microsoft visual studio 10.0\vc\include\stdio.h(253) : see declaration of 'fscanf'
     1>d:\mtech iit guwahati\speech processing\assignments\cs566_assignment_2\cs566_assignment_2\cs566_assignment_2.cpp(94): warning C4996: 'fscanf': This function or variable may be unsafe. Consider using fscanf_s instead. To disable deprecation, use _CRT_SECURE_NO_WARNINGS. See online help for details.
                 c:\program files (x86)\microsoft visual studio 10.0\vc\include\stdio.h(253) : see declaration of 'fscanf'
     1>d:\mtech iit guwahati\speech processing\assignments\cs566_assignment_2\cs566_assignment_2\cs566_assignment_2.cpp(155): warning C4996: 'fopen': This function or variable may be unsafe. Consider using fopen_s instead. To disable deprecation, use _CRT_SECURE_NO_WARNINGS. See online help for details.
                 c:\program files (x86)\microsoft visual studio 10.0\vc\include\stdio.h(234) : see declaration of 'fopen'
     1>d:\mtech iit guwahati\speech processing\assignments\cs566_assignment_2\cs566_assignment_2\cs566_assignment_2.cpp(156): warning C4996: 'fopen': This function or variable may be unsafe. Consider using fopen_s instead. To disable deprecation, use _CRT_SECURE_NO_WARNINGS. See online help for details.
                 c:\program files (x86)\microsoft visual studio 10.0\vc\include\stdio.h(234) : see declaration of 'fopen'
     1>d:\mtech iit guwahati\speech processing\assignments\cs566_assignment_2\cs566_assignment_2\cs566_assignment_2.cpp(179): warning C4996: 'fscanf': This function or variable may be unsafe. Consider using fscanf_s instead. To disable deprecation, use _CRT_SECURE_NO_WARNINGS. See online help for details.
                 c:\program files (x86)\microsoft visual studio 10.0\vc\include\stdio.h(253) : see declaration of 'fscanf'
     1>d:\mtech iit guwahati\speech processing\assignments\cs566_assignment_2\cs566_assignment_2\cs566_assignment_2.cpp(180): warning C4244: '=' : conversion from 'long double' to 'int', possible loss of data
     1>d:\mtech iit guwahati\speech processing\assignments\cs566_assignment_2\cs566_assignment_2\cs566_assignment_2.cpp(218): warning C4996: 'scanf': This function or variable may be unsafe. Consider using scanf_s instead. To disable deprecation, use _CRT_SECURE_NO_WARNINGS. See online help for details.
                 c:\program files (x86)\microsoft visual studio 10.0\vc\include\stdio.h(304) : see declaration of 'scanf'
     1>d:\mtech iit guwahati\speech processing\assignments\cs566_assignment_2\cs566_assignment_2\cs566_assignment_2.cpp(234): warning C4996: 'getch': The POSIX name for this item is deprecated. Instead, use the ISO C++ conformant name: _getch. See online help for details.
                 c:\program files (x86)\microsoft visual studio 10.0\vc\include\conio.h(128) : see declaration of 'getch'
       ManifestResourceCompile:
         All outputs are up-to-date.
       Link:
         C:\Program Files (x86)\Microsoft Visual Studio 10.0\VC\bin\link.exe /ERRORREPORT:PROMPT /OUT:"D:\MTech IIT Guwahati\Speech Processing\Assignments\CS566_Assignment_2\Debug\CS566_Assignment_2.exe" /INCREMENTAL /NOLOGO kernel32.lib user32.lib gdi32.lib winspool.lib comdlg32.lib advapi32.lib shell32.lib ole32.lib oleaut32.lib uuid.lib odbc32.lib odbccp32.lib /MANIFEST /ManifestFile:"Debug\CS566_Assignment_2.exe.intermediate.manifest" /MANIFESTUAC:"level='asInvoker' uiAccess='false'" /DEBUG /PDB:"D:\MTech IIT Guwahati\Speech Processing\Assignments\CS566_Assignment_2\Debug\CS566_Assignment_2.pdb" /SUBSYSTEM:CONSOLE /TLBID:1 /DYNAMICBASE /NXCOMPAT /IMPLIB:"D:\MTech IIT Guwahati\Speech Processing\Assignments\CS566_Assignment_2\Debug\CS566_Assignment_2.lib" /MACHINE:X86 Debug\CS566_Assignment_2.exe.embed.manifest.res
         Debug\CS566_Assignment_2.obj
         Debug\stdafx.obj
       Manifest:
         C:\Program Files (x86)\Microsoft SDKs\Windows\v7.0A\bin\mt.exe /nologo /verbose /out:"Debug\CS566_Assignment_2.exe.embed.manifest" /manifest Debug\CS566_Assignment_2.exe.intermediate.manifest
         All outputs are up-to-date.
       LinkEmbedManifest:
         All outputs are up-to-date.
         CS566_Assignment_2.vcxproj -> D:\MTech IIT Guwahati\Speech Processing\Assignments\CS566_Assignment_2\Debug\CS566_Assignment_2.exe
       FinalizeBuildStatus:
         Deleting file "Debug\CS566_Assignment_2.unsuccessfulbuild".
         Touching "Debug\CS566_Assignment_2.lastbuildstate".
     1>Done Building Project "D:\MTech IIT Guwahati\Speech Processing\Assignments\CS566_Assignment_2\CS566_Assignment_2\CS566_Assignment_2.vcxproj" (build target(s)).

Build succeeded.

Time Elapsed 00:00:01.30
